[debug] [2024-02-05T02:08:49.540Z] ----------------------------------------------------------------------
[debug] [2024-02-05T02:08:49.545Z] Command:       C:\Program Files\nodejs\node.exe C:\Users\hecto\AppData\Roaming\npm\node_modules\firebase-tools\lib\bin\firebase.js init
[debug] [2024-02-05T02:08:49.546Z] CLI Version:   13.1.0
[debug] [2024-02-05T02:08:49.546Z] Platform:      win32
[debug] [2024-02-05T02:08:49.547Z] Node Version:  v20.1.0
[debug] [2024-02-05T02:08:49.547Z] Time:          Sun Feb 04 2024 23:08:49 GMT-0300 (hora estándar de Argentina)
[debug] [2024-02-05T02:08:49.547Z] ----------------------------------------------------------------------
[debug] 
[debug] [2024-02-05T02:08:49.562Z] > command requires scopes: ["email","openid","https://www.googleapis.com/auth/cloudplatformprojects.readonly","https://www.googleapis.com/auth/firebase","https://www.googleapis.com/auth/cloud-platform"]
[debug] [2024-02-05T02:08:49.563Z] > authorizing via signed-in user (hectorvazquez.laboral@gmail.com)
[info] 
     ######## #### ########  ######## ########     ###     ######  ########
     ##        ##  ##     ## ##       ##     ##  ##   ##  ##       ##
     ######    ##  ########  ######   ########  #########  ######  ######
     ##        ##  ##    ##  ##       ##     ## ##     ##       ## ##
     ##       #### ##     ## ######## ########  ##     ##  ######  ########

You're about to initialize a Firebase project in this directory:

  C:\Users\hecto\Desktop\TITO-NO-TOCAR\Programación\financiado

[info] 
=== Project Setup
[info] 
[info] First, let's associate this project directory with a Firebase project.
[info] You can create multiple project aliases by running firebase use --add, 
[info] but for now we'll just set up a default project.
[info] 
[debug] [2024-02-05T02:09:24.466Z] >>> [apiv2][query] GET https://firebase.googleapis.com/v1beta1/projects pageSize=100
[debug] [2024-02-05T02:09:25.132Z] <<< [apiv2][status] GET https://firebase.googleapis.com/v1beta1/projects 200
[debug] [2024-02-05T02:09:25.132Z] <<< [apiv2][body] GET https://firebase.googleapis.com/v1beta1/projects [omitted]
[info] i  Using project financiado-997ba (financiado) 
[info] 
=== Database Setup
[info] i  database: ensuring required API firebasedatabase.googleapis.com is enabled... 
[debug] [2024-02-05T02:09:29.117Z] >>> [apiv2][query] GET https://serviceusage.googleapis.com/v1/projects/financiado-997ba/services/firebasedatabase.googleapis.com [none]
[debug] [2024-02-05T02:09:29.117Z] >>> [apiv2][(partial)header] GET https://serviceusage.googleapis.com/v1/projects/financiado-997ba/services/firebasedatabase.googleapis.com x-goog-quota-user=projects/financiado-997ba
[debug] [2024-02-05T02:09:30.243Z] <<< [apiv2][status] GET https://serviceusage.googleapis.com/v1/projects/financiado-997ba/services/firebasedatabase.googleapis.com 200
[debug] [2024-02-05T02:09:30.243Z] <<< [apiv2][body] GET https://serviceusage.googleapis.com/v1/projects/financiado-997ba/services/firebasedatabase.googleapis.com [omitted]
[info] +  database: required API firebasedatabase.googleapis.com is enabled 
[info] 
[debug] [2024-02-05T02:09:30.245Z] >>> [apiv2][query] GET https://firebasedatabase.googleapis.com/v1beta/projects/financiado-997ba/locations/-/instances/financiado-997ba-default-rtdb [none]
[debug] [2024-02-05T02:09:31.354Z] <<< [apiv2][status] GET https://firebasedatabase.googleapis.com/v1beta/projects/financiado-997ba/locations/-/instances/financiado-997ba-default-rtdb 200
[debug] [2024-02-05T02:09:31.355Z] <<< [apiv2][body] GET https://firebasedatabase.googleapis.com/v1beta/projects/financiado-997ba/locations/-/instances/financiado-997ba-default-rtdb {"name":"projects/1008212146070/locations/us-central1/instances/financiado-997ba-default-rtdb","project":"projects/1008212146070","databaseUrl":"https://financiado-997ba-default-rtdb.firebaseio.com","type":"DEFAULT_DATABASE","state":"ACTIVE"}
[info] 
[info] Firebase Realtime Database Security Rules allow you to define how your data should be
[info] structured and when your data can be read from and written to.
[info] 
[debug] [2024-02-05T02:09:48.381Z] >>> [apiv2][query] GET https://financiado-997ba-default-rtdb.firebaseio.com/.settings/rules.json [none]
[debug] [2024-02-05T02:09:48.851Z] <<< [apiv2][status] GET https://financiado-997ba-default-rtdb.firebaseio.com/.settings/rules.json 200
[debug] [2024-02-05T02:09:48.852Z] <<< [apiv2][body] GET https://financiado-997ba-default-rtdb.firebaseio.com/.settings/rules.json [stream]
[info] +  Database Rules for financiado-997ba-default-rtdb have been written to database.rules.json. 
[info] Future modifications to database.rules.json will update Realtime Database Security Rules when you run
[info] firebase deploy.
[info] 
=== Firestore Setup
[debug] [2024-02-05T02:09:48.857Z] >>> [apiv2][query] GET https://serviceusage.googleapis.com/v1/projects/financiado-997ba/services/firestore.googleapis.com [none]
[debug] [2024-02-05T02:09:48.857Z] >>> [apiv2][(partial)header] GET https://serviceusage.googleapis.com/v1/projects/financiado-997ba/services/firestore.googleapis.com x-goog-quota-user=projects/financiado-997ba
[debug] [2024-02-05T02:09:49.948Z] <<< [apiv2][status] GET https://serviceusage.googleapis.com/v1/projects/financiado-997ba/services/firestore.googleapis.com 200
[debug] [2024-02-05T02:09:49.949Z] <<< [apiv2][body] GET https://serviceusage.googleapis.com/v1/projects/financiado-997ba/services/firestore.googleapis.com [omitted]
[debug] [2024-02-05T02:09:49.949Z] >>> [apiv2][query] GET https://firestore.googleapis.com/v1/projects/financiado-997ba/databases/(default) [none]
[debug] [2024-02-05T02:09:51.100Z] <<< [apiv2][status] GET https://firestore.googleapis.com/v1/projects/financiado-997ba/databases/(default) 200
[debug] [2024-02-05T02:09:51.100Z] <<< [apiv2][body] GET https://firestore.googleapis.com/v1/projects/financiado-997ba/databases/(default) {"name":"projects/financiado-997ba/databases/(default)","uid":"d80f11f3-569b-4e6a-8785-2a55efed7793","createTime":"2024-02-05T02:02:11.986289Z","updateTime":"2024-02-05T02:02:11.986289Z","locationId":"nam5","type":"FIRESTORE_NATIVE","concurrencyMode":"PESSIMISTIC","versionRetentionPeriod":"3600s","earliestVersionTime":"2024-02-05T02:02:11.986289Z","appEngineIntegrationMode":"DISABLED","keyPrefix":"s","pointInTimeRecoveryEnablement":"POINT_IN_TIME_RECOVERY_DISABLED","deleteProtectionState":"DELETE_PROTECTION_DISABLED","etag":"IJXRlKmPk4QDMPH24cyNk4QD"}
[debug] [2024-02-05T02:09:51.100Z] database_type: FIRESTORE_NATIVE
[debug] [2024-02-05T02:09:51.101Z] > command requires scopes: ["email","openid","https://www.googleapis.com/auth/cloudplatformprojects.readonly","https://www.googleapis.com/auth/firebase","https://www.googleapis.com/auth/cloud-platform"]
[debug] [2024-02-05T02:09:51.101Z] > authorizing via signed-in user (hectorvazquez.laboral@gmail.com)
[debug] [2024-02-05T02:09:51.101Z] [iam] checking project financiado-997ba for permissions ["firebase.projects.get"]
[debug] [2024-02-05T02:09:51.102Z] >>> [apiv2][query] POST https://cloudresourcemanager.googleapis.com/v1/projects/financiado-997ba:testIamPermissions [none]
[debug] [2024-02-05T02:09:51.102Z] >>> [apiv2][(partial)header] POST https://cloudresourcemanager.googleapis.com/v1/projects/financiado-997ba:testIamPermissions x-goog-quota-user=projects/financiado-997ba
[debug] [2024-02-05T02:09:51.102Z] >>> [apiv2][body] POST https://cloudresourcemanager.googleapis.com/v1/projects/financiado-997ba:testIamPermissions {"permissions":["firebase.projects.get"]}
[debug] [2024-02-05T02:09:51.998Z] <<< [apiv2][status] POST https://cloudresourcemanager.googleapis.com/v1/projects/financiado-997ba:testIamPermissions 200
[debug] [2024-02-05T02:09:51.998Z] <<< [apiv2][body] POST https://cloudresourcemanager.googleapis.com/v1/projects/financiado-997ba:testIamPermissions {"permissions":["firebase.projects.get"]}
[info] 
[info] Firestore Security Rules allow you to define how and when to allow
[info] requests. You can keep these rules in your project directory
[info] and publish them with firebase deploy.
[info] 
[debug] [2024-02-05T02:09:58.969Z] >>> [apiv2][query] GET https://firebaserules.googleapis.com/v1/projects/financiado-997ba/releases pageSize=10&pageToken=
[debug] [2024-02-05T02:10:00.062Z] <<< [apiv2][status] GET https://firebaserules.googleapis.com/v1/projects/financiado-997ba/releases 200
[debug] [2024-02-05T02:10:00.063Z] <<< [apiv2][body] GET https://firebaserules.googleapis.com/v1/projects/financiado-997ba/releases {"releases":[{"name":"projects/financiado-997ba/releases/cloud.firestore","rulesetName":"projects/financiado-997ba/rulesets/4d9d4f52-8b80-449f-8ebf-791678e4f3ac","createTime":"2024-02-05T02:02:22.584057Z","updateTime":"2024-02-05T02:02:22.584057Z"},{"name":"projects/financiado-997ba/releases/firebase.storage/financiado-997ba.appspot.com","rulesetName":"projects/financiado-997ba/rulesets/7647c571-8444-4bd8-9b34-aa48be69e28d","createTime":"2024-02-05T02:03:31.075768Z","updateTime":"2024-02-05T02:03:31.075768Z"}]}
[debug] [2024-02-05T02:10:00.063Z] Found ruleset: projects/financiado-997ba/rulesets/4d9d4f52-8b80-449f-8ebf-791678e4f3ac
[debug] [2024-02-05T02:10:00.064Z] >>> [apiv2][query] GET https://firebaserules.googleapis.com/v1/projects/financiado-997ba/rulesets/4d9d4f52-8b80-449f-8ebf-791678e4f3ac [none]
[debug] [2024-02-05T02:10:00.964Z] <<< [apiv2][status] GET https://firebaserules.googleapis.com/v1/projects/financiado-997ba/rulesets/4d9d4f52-8b80-449f-8ebf-791678e4f3ac 200
[debug] [2024-02-05T02:10:00.964Z] <<< [apiv2][body] GET https://firebaserules.googleapis.com/v1/projects/financiado-997ba/rulesets/4d9d4f52-8b80-449f-8ebf-791678e4f3ac [omitted]
[info] 
[info] Firestore indexes allow you to perform complex queries while
[info] maintaining performance that scales with the size of the result
[info] set. You can keep index definitions in your project directory
[info] and publish them with firebase deploy.
[info] 
[debug] [2024-02-05T02:10:06.697Z] >>> [apiv2][query] GET https://firestore.googleapis.com/v1/projects/financiado-997ba/databases/(default)/collectionGroups/-/indexes [none]
[debug] [2024-02-05T02:10:06.700Z] >>> [apiv2][query] GET https://firestore.googleapis.com/v1/projects/financiado-997ba/databases/(default)/collectionGroups/-/fields?filter=indexConfig.usesAncestorConfig=false OR ttlConfig:* [none]
[debug] [2024-02-05T02:10:07.836Z] <<< [apiv2][status] GET https://firestore.googleapis.com/v1/projects/financiado-997ba/databases/(default)/collectionGroups/-/indexes 200
[debug] [2024-02-05T02:10:07.836Z] <<< [apiv2][body] GET https://firestore.googleapis.com/v1/projects/financiado-997ba/databases/(default)/collectionGroups/-/indexes {}
[debug] [2024-02-05T02:10:08.165Z] <<< [apiv2][status] GET https://firestore.googleapis.com/v1/projects/financiado-997ba/databases/(default)/collectionGroups/-/fields?filter=indexConfig.usesAncestorConfig=false OR ttlConfig:* 200
[debug] [2024-02-05T02:10:08.165Z] <<< [apiv2][body] GET https://firestore.googleapis.com/v1/projects/financiado-997ba/databases/(default)/collectionGroups/-/fields?filter=indexConfig.usesAncestorConfig=false OR ttlConfig:* {"fields":[{"name":"projects/financiado-997ba/databases/(default)/collectionGroups/__default__/fields/*","indexConfig":{"indexes":[{"queryScope":"COLLECTION","fields":[{"fieldPath":"*","order":"ASCENDING"}],"state":"READY"},{"queryScope":"COLLECTION","fields":[{"fieldPath":"*","order":"DESCENDING"}],"state":"READY"},{"queryScope":"COLLECTION","fields":[{"fieldPath":"*","arrayConfig":"CONTAINS"}],"state":"READY"}]}}]}
[info] 
=== Functions Setup
[debug] [2024-02-05T02:10:08.170Z] > command requires scopes: ["email","openid","https://www.googleapis.com/auth/cloudplatformprojects.readonly","https://www.googleapis.com/auth/firebase","https://www.googleapis.com/auth/cloud-platform"]
[debug] [2024-02-05T02:10:08.170Z] > authorizing via signed-in user (hectorvazquez.laboral@gmail.com)
[debug] [2024-02-05T02:10:08.170Z] [iam] checking project financiado-997ba for permissions ["firebase.projects.get"]
[debug] [2024-02-05T02:10:08.171Z] >>> [apiv2][query] POST https://cloudresourcemanager.googleapis.com/v1/projects/financiado-997ba:testIamPermissions [none]
[debug] [2024-02-05T02:10:08.171Z] >>> [apiv2][(partial)header] POST https://cloudresourcemanager.googleapis.com/v1/projects/financiado-997ba:testIamPermissions x-goog-quota-user=projects/financiado-997ba
[debug] [2024-02-05T02:10:08.171Z] >>> [apiv2][body] POST https://cloudresourcemanager.googleapis.com/v1/projects/financiado-997ba:testIamPermissions {"permissions":["firebase.projects.get"]}
[debug] [2024-02-05T02:10:09.078Z] <<< [apiv2][status] POST https://cloudresourcemanager.googleapis.com/v1/projects/financiado-997ba:testIamPermissions 200
[debug] [2024-02-05T02:10:09.078Z] <<< [apiv2][body] POST https://cloudresourcemanager.googleapis.com/v1/projects/financiado-997ba:testIamPermissions {"permissions":["firebase.projects.get"]}
[debug] [2024-02-05T02:10:09.079Z] >>> [apiv2][query] GET https://serviceusage.googleapis.com/v1/projects/financiado-997ba/services/cloudfunctions.googleapis.com [none]
[debug] [2024-02-05T02:10:09.079Z] >>> [apiv2][(partial)header] GET https://serviceusage.googleapis.com/v1/projects/financiado-997ba/services/cloudfunctions.googleapis.com x-goog-quota-user=projects/financiado-997ba
[debug] [2024-02-05T02:10:09.084Z] >>> [apiv2][query] GET https://serviceusage.googleapis.com/v1/projects/financiado-997ba/services/runtimeconfig.googleapis.com [none]
[debug] [2024-02-05T02:10:09.084Z] >>> [apiv2][(partial)header] GET https://serviceusage.googleapis.com/v1/projects/financiado-997ba/services/runtimeconfig.googleapis.com x-goog-quota-user=projects/financiado-997ba
[debug] [2024-02-05T02:10:10.131Z] <<< [apiv2][status] GET https://serviceusage.googleapis.com/v1/projects/financiado-997ba/services/runtimeconfig.googleapis.com 200
[debug] [2024-02-05T02:10:10.131Z] <<< [apiv2][body] GET https://serviceusage.googleapis.com/v1/projects/financiado-997ba/services/runtimeconfig.googleapis.com [omitted]
[debug] [2024-02-05T02:10:10.194Z] <<< [apiv2][status] GET https://serviceusage.googleapis.com/v1/projects/financiado-997ba/services/cloudfunctions.googleapis.com 200
[debug] [2024-02-05T02:10:10.194Z] <<< [apiv2][body] GET https://serviceusage.googleapis.com/v1/projects/financiado-997ba/services/cloudfunctions.googleapis.com [omitted]
[debug] [2024-02-05T02:10:10.195Z] >>> [apiv2][query] POST https://serviceusage.googleapis.com/v1/projects/financiado-997ba/services/cloudfunctions.googleapis.com:enable [none]
[debug] [2024-02-05T02:10:10.195Z] >>> [apiv2][(partial)header] POST https://serviceusage.googleapis.com/v1/projects/financiado-997ba/services/cloudfunctions.googleapis.com:enable x-goog-quota-user=projects/financiado-997ba
[debug] [2024-02-05T02:10:11.985Z] <<< [apiv2][status] POST https://serviceusage.googleapis.com/v1/projects/financiado-997ba/services/cloudfunctions.googleapis.com:enable 200
[debug] [2024-02-05T02:10:11.986Z] <<< [apiv2][body] POST https://serviceusage.googleapis.com/v1/projects/financiado-997ba/services/cloudfunctions.googleapis.com:enable [omitted]
[debug] [2024-02-05T02:10:21.988Z] >>> [apiv2][query] GET https://serviceusage.googleapis.com/v1/projects/financiado-997ba/services/cloudfunctions.googleapis.com [none]
[debug] [2024-02-05T02:10:21.988Z] >>> [apiv2][(partial)header] GET https://serviceusage.googleapis.com/v1/projects/financiado-997ba/services/cloudfunctions.googleapis.com x-goog-quota-user=projects/financiado-997ba
[debug] [2024-02-05T02:10:23.039Z] <<< [apiv2][status] GET https://serviceusage.googleapis.com/v1/projects/financiado-997ba/services/cloudfunctions.googleapis.com 200
[debug] [2024-02-05T02:10:23.039Z] <<< [apiv2][body] GET https://serviceusage.googleapis.com/v1/projects/financiado-997ba/services/cloudfunctions.googleapis.com [omitted]
[info] Let's create a new codebase for your functions.
[info] A directory corresponding to the codebase will be created in your project
[info] with sample code pre-configured.

[info] See https://firebase.google.com/docs/functions/organize-functions for
[info] more information on organizing your functions using codebases.

[info] Functions can be deployed with firebase deploy.

[info] +  Wrote functions/package.json 
[info] +  Wrote functions/.eslintrc.js 
[info] +  Wrote functions/index.js 
[info] +  Wrote functions/.gitignore 
[info] 
=== Hosting Setup
[debug] [2024-02-05T02:14:28.671Z] >>> [apiv2][query] GET https://firebase.googleapis.com/v1beta1/projects/financiado-997ba [none]
[debug] [2024-02-05T02:14:29.088Z] <<< [apiv2][status] GET https://firebase.googleapis.com/v1beta1/projects/financiado-997ba 200
[debug] [2024-02-05T02:14:29.089Z] <<< [apiv2][body] GET https://firebase.googleapis.com/v1beta1/projects/financiado-997ba {"projectId":"financiado-997ba","projectNumber":"1008212146070","displayName":"financiado","name":"projects/financiado-997ba","resources":{"hostingSite":"financiado-997ba","realtimeDatabaseInstance":"financiado-997ba-default-rtdb","storageBucket":"financiado-997ba.appspot.com","locationId":"us-central"},"state":"ACTIVE","etag":"1_f074b4d2-cd0d-4a99-aa9b-98c5a5ef0278"}
[info] 
[info] Your public directory is the folder (relative to your project directory) that
[info] will contain Hosting assets to be uploaded with firebase deploy. If you
[info] have a build process for your assets, use your build's output directory.
[info] 
[debug] [2024-02-05T02:16:50.504Z] >>> [apiv2][query] GET https://www.gstatic.com/firebasejs/releases.json [none]
[debug] [2024-02-05T02:16:50.681Z] <<< [apiv2][status] GET https://www.gstatic.com/firebasejs/releases.json 200
[debug] [2024-02-05T02:16:50.682Z] <<< [apiv2][body] GET https://www.gstatic.com/firebasejs/releases.json {"current":{"version":"10.8.0","browserURL":"https://www.gstatic.com/firebasejs/10.8.0/firebase.js","packageURL":"https://www.gstatic.com/firebasejs/10.8.0/firebase.tgz"},"live":{"version":"10.8","browserURL":"https://www.gstatic.com/firebasejs/live/10.8/firebase.js","packageURL":"https://www.gstatic.com/firebasejs/live/10.8/firebase.tgz"},"components":{"analytics":"https://www.gstatic.com/firebasejs/10.8.0/firebase-analytics.js","app":"https://www.gstatic.com/firebasejs/10.8.0/firebase-app.js","app-check":"https://www.gstatic.com/firebasejs/10.8.0/firebase-app-check.js","auth":"https://www.gstatic.com/firebasejs/10.8.0/firebase-auth.js","auth/cordova":"https://www.gstatic.com/firebasejs/10.8.0/firebase-auth/cordova.js","auth/web-extension":"https://www.gstatic.com/firebasejs/10.8.0/firebase-auth/web-extension.js","functions":"https://www.gstatic.com/firebasejs/10.8.0/firebase-functions.js","firestore":"https://www.gstatic.com/firebasejs/10.8.0/firebase-firestore.js","firestore/lite":"https://www.gstatic.com/firebasejs/10.8.0/firebase-firestore/lite.js","installations":"https://www.gstatic.com/firebasejs/10.8.0/firebase-installations.js","storage":"https://www.gstatic.com/firebasejs/10.8.0/firebase-storage.js","performance":"https://www.gstatic.com/firebasejs/10.8.0/firebase-performance.js","remote-config":"https://www.gstatic.com/firebasejs/10.8.0/firebase-remote-config.js","messaging":"https://www.gstatic.com/firebasejs/10.8.0/firebase-messaging.js","messaging/sw":"https://www.gstatic.com/firebasejs/10.8.0/firebase-messaging/sw.js","database":"https://www.gstatic.com/firebasejs/10.8.0/firebase-database.js","firestore.memory":"https://www.gstatic.com/firebasejs/10.8.0/firebase-firestore.memory.js"}}
[info] +  Wrote public/index.html 
[info] 
[info] i  Didn't detect a .git folder. Assuming C:\Users\hecto\Desktop\TITO-NO-TOCAR\Programación\financiado is the project root. 
[info] i  Authorizing with GitHub to upload your service account to a GitHub repository's secrets store. 
[info] 
[info] Visit this URL on this device to log in:
[info] https://github.com/login/oauth/authorize?client_id=89cf50f02ac6aaed3484&state=994843548&redirect_uri=http%3A%2F%2Flocalhost%3A9005&scope=read%3Auser%20repo%20public_repo
[info] 
[info] Waiting for authentication...
[debug] [2024-02-05T02:16:52.251Z] >>> [apiv2][query] POST https://github.com/login/oauth/access_token [none]
[debug] [2024-02-05T02:16:52.251Z] >>> [apiv2][body] POST https://github.com/login/oauth/access_token [stream]
[debug] [2024-02-05T02:16:52.763Z] <<< [apiv2][status] POST https://github.com/login/oauth/access_token 200
[debug] [2024-02-05T02:16:52.764Z] <<< [apiv2][body] POST https://github.com/login/oauth/access_token {"access_token":"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","token_type":"bearer","scope":"read:user,repo"}
[debug] [2024-02-05T02:16:52.774Z] >>> [apiv2][query] GET https://api.github.com/user [none]
[debug] [2024-02-05T02:16:53.201Z] <<< [apiv2][status] GET https://api.github.com/user 200
[debug] [2024-02-05T02:16:53.201Z] <<< [apiv2][body] GET https://api.github.com/user {"login":"hhvc","id":97071138,"node_id":"U_kgDOBckwIg","avatar_url":"https://avatars.githubusercontent.com/u/97071138?v=4","gravatar_id":"","url":"https://api.github.com/users/hhvc","html_url":"https://github.com/hhvc","followers_url":"https://api.github.com/users/hhvc/followers","following_url":"https://api.github.com/users/hhvc/following{/other_user}","gists_url":"https://api.github.com/users/hhvc/gists{/gist_id}","starred_url":"https://api.github.com/users/hhvc/starred{/owner}{/repo}","subscriptions_url":"https://api.github.com/users/hhvc/subscriptions","organizations_url":"https://api.github.com/users/hhvc/orgs","repos_url":"https://api.github.com/users/hhvc/repos","events_url":"https://api.github.com/users/hhvc/events{/privacy}","received_events_url":"https://api.github.com/users/hhvc/received_events","type":"User","site_admin":false,"name":null,"company":null,"blog":"","location":null,"email":null,"hireable":null,"bio":null,"twitter_username":null,"public_repos":39,"public_gists":0,"followers":11,"following":8,"created_at":"2022-01-04T01:10:24Z","updated_at":"2023-09-16T19:40:35Z","private_gists":0,"total_private_repos":0,"owned_private_repos":0,"disk_usage":184215,"collaborators":0,"two_factor_authentication":false,"plan":{"name":"free","space":976562499,"collaborators":0,"private_repos":10000}}
[info] 
[info] +  Success! Logged into GitHub as hhvc 
[info] 
[debug] [2024-02-05T02:18:50.194Z] >>> [apiv2][query] GET https://api.github.com/repos/hhvc/financiado.git/actions/secrets/public-key type=owner
[debug] [2024-02-05T02:18:50.577Z] <<< [apiv2][status] GET https://api.github.com/repos/hhvc/financiado.git/actions/secrets/public-key 404
[debug] [2024-02-05T02:18:50.577Z] <<< [apiv2][body] GET https://api.github.com/repos/hhvc/financiado.git/actions/secrets/public-key {"message":"Not Found","documentation_url":"https://docs.github.com/rest/actions/secrets#get-a-repository-public-key"}
[info] 
[info] 
[error] !  The provided authorization cannot be used with this repository. If this repository is in an organization, did you remember to grant access? 
[info] 
[info] i  Action required: Visit this URL to ensure access has been granted to the appropriate organization(s) for the Firebase CLI GitHub OAuth App: 
[info] https://github.com/settings/connections/applications/89cf50f02ac6aaed3484
[info] 
[debug] [2024-02-05T02:19:49.827Z] >>> [apiv2][query] GET https://api.github.com/repos/hhvc/financiado.git/actions/secrets/public-key type=owner
[debug] [2024-02-05T02:19:50.206Z] <<< [apiv2][status] GET https://api.github.com/repos/hhvc/financiado.git/actions/secrets/public-key 404
[debug] [2024-02-05T02:19:50.206Z] <<< [apiv2][body] GET https://api.github.com/repos/hhvc/financiado.git/actions/secrets/public-key {"message":"Not Found","documentation_url":"https://docs.github.com/rest/actions/secrets#get-a-repository-public-key"}
[info] 
[info] 
[error] !  The provided authorization cannot be used with this repository. If this repository is in an organization, did you remember to grant access? 
[info] 
[info] i  Action required: Visit this URL to ensure access has been granted to the appropriate organization(s) for the Firebase CLI GitHub OAuth App: 
[info] https://github.com/settings/connections/applications/89cf50f02ac6aaed3484
[info] 
[debug] [2024-02-05T02:27:09.667Z] >>> [apiv2][query] GET https://api.github.com/repos/hhvc/financiado.git/actions/secrets/public-key type=owner
[debug] [2024-02-05T02:27:10.053Z] <<< [apiv2][status] GET https://api.github.com/repos/hhvc/financiado.git/actions/secrets/public-key 404
[debug] [2024-02-05T02:27:10.053Z] <<< [apiv2][body] GET https://api.github.com/repos/hhvc/financiado.git/actions/secrets/public-key {"message":"Not Found","documentation_url":"https://docs.github.com/rest/actions/secrets#get-a-repository-public-key"}
[info] 
[info] 
[error] !  The provided authorization cannot be used with this repository. If this repository is in an organization, did you remember to grant access? 
[info] 
[info] i  Action required: Visit this URL to ensure access has been granted to the appropriate organization(s) for the Firebase CLI GitHub OAuth App: 
[info] https://github.com/settings/connections/applications/89cf50f02ac6aaed3484
[info] 
[debug] [2024-02-05T02:28:35.184Z] >>> [apiv2][query] GET https://api.github.com/repos/hhvc/financiado.git/actions/secrets/public-key type=owner
[debug] [2024-02-05T02:28:35.576Z] <<< [apiv2][status] GET https://api.github.com/repos/hhvc/financiado.git/actions/secrets/public-key 404
[debug] [2024-02-05T02:28:35.577Z] <<< [apiv2][body] GET https://api.github.com/repos/hhvc/financiado.git/actions/secrets/public-key {"message":"Not Found","documentation_url":"https://docs.github.com/rest/actions/secrets#get-a-repository-public-key"}
[info] 
[info] 
[error] !  The provided authorization cannot be used with this repository. If this repository is in an organization, did you remember to grant access? 
[info] 
[info] i  Action required: Visit this URL to ensure access has been granted to the appropriate organization(s) for the Firebase CLI GitHub OAuth App: 
[info] https://github.com/settings/connections/applications/89cf50f02ac6aaed3484
[info] 
[debug] [2024-02-05T02:30:19.180Z] >>> [apiv2][query] GET https://api.github.com/repos/hhvc/financiado.git/actions/secrets/public-key type=owner
[debug] [2024-02-05T02:30:19.550Z] <<< [apiv2][status] GET https://api.github.com/repos/hhvc/financiado.git/actions/secrets/public-key 404
[debug] [2024-02-05T02:30:19.550Z] <<< [apiv2][body] GET https://api.github.com/repos/hhvc/financiado.git/actions/secrets/public-key {"message":"Not Found","documentation_url":"https://docs.github.com/rest/actions/secrets#get-a-repository-public-key"}
[info] 
[info] 
[error] !  The provided authorization cannot be used with this repository. If this repository is in an organization, did you remember to grant access? 
[info] 
[info] i  Action required: Visit this URL to ensure access has been granted to the appropriate organization(s) for the Firebase CLI GitHub OAuth App: 
[info] https://github.com/settings/connections/applications/89cf50f02ac6aaed3484
[info] 
[debug] [2024-02-05T02:33:34.405Z] >>> [apiv2][query] GET https://api.github.com/repos/hhvc/financiado.git/actions/secrets/public-key type=owner
[debug] [2024-02-05T02:33:34.779Z] <<< [apiv2][status] GET https://api.github.com/repos/hhvc/financiado.git/actions/secrets/public-key 404
[debug] [2024-02-05T02:33:34.779Z] <<< [apiv2][body] GET https://api.github.com/repos/hhvc/financiado.git/actions/secrets/public-key {"message":"Not Found","documentation_url":"https://docs.github.com/rest/actions/secrets#get-a-repository-public-key"}
[info] 
[info] 
[error] !  The provided authorization cannot be used with this repository. If this repository is in an organization, did you remember to grant access? 
[info] 
[info] i  Action required: Visit this URL to ensure access has been granted to the appropriate organization(s) for the Firebase CLI GitHub OAuth App: 
[info] https://github.com/settings/connections/applications/89cf50f02ac6aaed3484
[info] 
[debug] [2024-02-05T02:33:40.281Z] >>> [apiv2][query] GET https://api.github.com/repos//actions/secrets/public-key type=owner
[debug] [2024-02-05T02:33:40.655Z] <<< [apiv2][status] GET https://api.github.com/repos//actions/secrets/public-key 404
[debug] [2024-02-05T02:33:40.655Z] <<< [apiv2][body] GET https://api.github.com/repos//actions/secrets/public-key {"message":"Not Found","documentation_url":"https://docs.github.com/rest"}
[info] 
[info] 
[error] !  The provided authorization cannot be used with this repository. If this repository is in an organization, did you remember to grant access? 
[info] 
[info] i  Action required: Visit this URL to ensure access has been granted to the appropriate organization(s) for the Firebase CLI GitHub OAuth App: 
[info] https://github.com/settings/connections/applications/89cf50f02ac6aaed3484
[info] 
